<?xml version="1.0" encoding="UTF-8"?>
<testng-results ignored="0" total="1" passed="1" failed="0" skipped="0">
  <reporter-output>
  </reporter-output>
  <suite started-at="2023-01-31T11:45:08 IST" name="Default suite" finished-at="2023-01-31T11:45:14 IST" duration-ms="6218">
    <groups>
    </groups>
    <test started-at="2023-01-31T11:45:08 IST" name="Default test" finished-at="2023-01-31T11:45:14 IST" duration-ms="6218">
      <class name="Example_Topics.WorkBook">
        <test-method signature="name()[pri:0, instance:Example_Topics.WorkBook@55182842]" started-at="2023-01-31T11:45:08 IST" name="name" finished-at="2023-01-31T11:45:14 IST" duration-ms="5997" status="PASS">
          <reporter-output>
          </reporter-output>
        </test-method> <!-- name -->
      </class> <!-- Example_Topics.WorkBook -->
    </test> <!-- Default test -->
  </suite> <!-- Default suite -->
</testng-results>
